  [1m[35m (3.8ms)[0m  [1m[35mSET NAMES utf8,  @@SESSION.sql_mode = CONCAT(CONCAT(@@sql_mode, ',STRICT_ALL_TABLES'), ',NO_AUTO_VALUE_ON_ZERO'),  @@SESSION.sql_auto_is_null = 0, @@SESSION.wait_timeout = 2147483[0m
  ↳ /usr/local/bundle/bin/rake:23
  [1m[35m (1.1ms)[0m  [1m[35mCREATE DATABASE `myapp_development` DEFAULT CHARACTER SET `utf8`[0m
  ↳ /usr/local/bundle/bin/rake:23
  [1m[35m (2.0ms)[0m  [1m[35mSET NAMES utf8,  @@SESSION.sql_mode = CONCAT(CONCAT(@@sql_mode, ',STRICT_ALL_TABLES'), ',NO_AUTO_VALUE_ON_ZERO'),  @@SESSION.sql_auto_is_null = 0, @@SESSION.wait_timeout = 2147483[0m
  ↳ /usr/local/bundle/bin/rake:23
  [1m[35m (0.9ms)[0m  [1m[35mCREATE DATABASE `myapp_test` DEFAULT CHARACTER SET `utf8`[0m
  ↳ /usr/local/bundle/bin/rake:23
Started GET "/" for 172.22.0.1 at 2018-12-16 16:14:13 +0000
  [1m[35m (0.6ms)[0m  [1m[35mSET NAMES utf8,  @@SESSION.sql_mode = CONCAT(CONCAT(@@sql_mode, ',STRICT_ALL_TABLES'), ',NO_AUTO_VALUE_ON_ZERO'),  @@SESSION.sql_auto_is_null = 0, @@SESSION.wait_timeout = 2147483[0m
  ↳ /usr/local/bundle/gems/activerecord-5.2.2/lib/active_record/log_subscriber.rb:98
Processing by Rails::WelcomeController#index as */*
  Rendering /usr/local/bundle/gems/railties-5.2.2/lib/rails/templates/rails/welcome/index.html.erb
  Rendered /usr/local/bundle/gems/railties-5.2.2/lib/rails/templates/rails/welcome/index.html.erb (7.2ms)
Completed 200 OK in 53ms (Views: 43.7ms | ActiveRecord: 0.0ms)


Started GET "/" for 172.22.0.1 at 2018-12-16 16:14:20 +0000
Processing by Rails::WelcomeController#index as HTML
  Rendering /usr/local/bundle/gems/railties-5.2.2/lib/rails/templates/rails/welcome/index.html.erb
  Rendered /usr/local/bundle/gems/railties-5.2.2/lib/rails/templates/rails/welcome/index.html.erb (5.4ms)
Completed 200 OK in 11ms (Views: 9.5ms | ActiveRecord: 0.0ms)


Started GET "/favicon.ico" for 172.22.0.1 at 2018-12-16 16:14:21 +0000
  
ActionController::RoutingError (No route matches [GET] "/favicon.ico"):
  
actionpack (5.2.2) lib/action_dispatch/middleware/debug_exceptions.rb:65:in `call'
actionpack (5.2.2) lib/action_dispatch/middleware/show_exceptions.rb:33:in `call'
railties (5.2.2) lib/rails/rack/logger.rb:38:in `call_app'
railties (5.2.2) lib/rails/rack/logger.rb:26:in `block in call'
activesupport (5.2.2) lib/active_support/tagged_logging.rb:71:in `block in tagged'
activesupport (5.2.2) lib/active_support/tagged_logging.rb:28:in `tagged'
activesupport (5.2.2) lib/active_support/tagged_logging.rb:71:in `tagged'
railties (5.2.2) lib/rails/rack/logger.rb:26:in `call'
actionpack (5.2.2) lib/action_dispatch/middleware/remote_ip.rb:81:in `call'
actionpack (5.2.2) lib/action_dispatch/middleware/request_id.rb:27:in `call'
rack (2.0.6) lib/rack/runtime.rb:22:in `call'
activesupport (5.2.2) lib/active_support/cache/strategy/local_cache_middleware.rb:29:in `call'
actionpack (5.2.2) lib/action_dispatch/middleware/executor.rb:14:in `call'
actionpack (5.2.2) lib/action_dispatch/middleware/static.rb:127:in `call'
rack (2.0.6) lib/rack/sendfile.rb:111:in `call'
railties (5.2.2) lib/rails/engine.rb:524:in `call'
puma (3.12.0) lib/puma/configuration.rb:225:in `call'
puma (3.12.0) lib/puma/server.rb:658:in `handle_request'
puma (3.12.0) lib/puma/server.rb:472:in `process_client'
puma (3.12.0) lib/puma/server.rb:332:in `block in run'
puma (3.12.0) lib/puma/thread_pool.rb:133:in `block in spawn_thread'
Started GET "/" for 172.22.0.1 at 2018-12-16 16:14:45 +0000
Processing by Rails::WelcomeController#index as HTML
  Rendering /usr/local/bundle/gems/railties-5.2.2/lib/rails/templates/rails/welcome/index.html.erb
  Rendered /usr/local/bundle/gems/railties-5.2.2/lib/rails/templates/rails/welcome/index.html.erb (2.0ms)
Completed 200 OK in 14ms (Views: 9.0ms | ActiveRecord: 0.0ms)


Started GET "/" for 172.22.0.1 at 2018-12-16 16:14:55 +0000
Processing by Rails::WelcomeController#index as HTML
  Rendering /usr/local/bundle/gems/railties-5.2.2/lib/rails/templates/rails/welcome/index.html.erb
  Rendered /usr/local/bundle/gems/railties-5.2.2/lib/rails/templates/rails/welcome/index.html.erb (8.6ms)
Completed 200 OK in 26ms (Views: 23.5ms | ActiveRecord: 0.0ms)


  [1m[35m (1.0ms)[0m  [1m[35mSET NAMES utf8,  @@SESSION.sql_mode = CONCAT(CONCAT(@@sql_mode, ',STRICT_ALL_TABLES'), ',NO_AUTO_VALUE_ON_ZERO'),  @@SESSION.sql_auto_is_null = 0, @@SESSION.wait_timeout = 2147483[0m
  ↳ /usr/local/bundle/bin/rake:23
  [1m[35m (22.1ms)[0m  [1m[35mCREATE TABLE `schema_migrations` (`version` varchar(255) NOT NULL PRIMARY KEY)[0m
  ↳ /usr/local/bundle/bin/rake:23
  [1m[35m (15.5ms)[0m  [1m[35mCREATE TABLE `ar_internal_metadata` (`key` varchar(255) NOT NULL PRIMARY KEY, `value` varchar(255), `created_at` datetime NOT NULL, `updated_at` datetime NOT NULL)[0m
  ↳ /usr/local/bundle/bin/rake:23
  [1m[35m (0.6ms)[0m  [1m[34mSELECT GET_LOCK('7864839756650184315', 0)[0m
  ↳ /usr/local/bundle/bin/rake:23
  [1m[35m (2.0ms)[0m  [1m[34mSELECT `schema_migrations`.`version` FROM `schema_migrations` ORDER BY `schema_migrations`.`version` ASC[0m
  ↳ /usr/local/bundle/bin/rake:23
Migrating to CreateUsers (20181216161558)
  [1m[35m (12.0ms)[0m  [1m[35mCREATE TABLE `users` (`id` bigint NOT NULL AUTO_INCREMENT PRIMARY KEY, `created_at` datetime NOT NULL, `updated_at` datetime NOT NULL)[0m
  ↳ db/migrate/20181216161558_create_users.rb:3
  [1m[35m (0.5ms)[0m  [1m[35mBEGIN[0m
  ↳ /usr/local/bundle/bin/rake:23
  [1m[36mActiveRecord::SchemaMigration Create (0.6ms)[0m  [1m[32mINSERT INTO `schema_migrations` (`version`) VALUES ('20181216161558')[0m
  ↳ /usr/local/bundle/bin/rake:23
  [1m[35m (6.8ms)[0m  [1m[35mCOMMIT[0m
  ↳ /usr/local/bundle/bin/rake:23
  [1m[36mActiveRecord::InternalMetadata Load (2.4ms)[0m  [1m[34mSELECT  `ar_internal_metadata`.* FROM `ar_internal_metadata` WHERE `ar_internal_metadata`.`key` = 'environment' LIMIT 1[0m
  ↳ /usr/local/bundle/bin/rake:23
  [1m[35m (0.5ms)[0m  [1m[35mBEGIN[0m
  ↳ /usr/local/bundle/bin/rake:23
  [1m[36mActiveRecord::InternalMetadata Create (0.6ms)[0m  [1m[32mINSERT INTO `ar_internal_metadata` (`key`, `value`, `created_at`, `updated_at`) VALUES ('environment', 'development', '2018-12-16 16:17:50', '2018-12-16 16:17:50')[0m
  ↳ /usr/local/bundle/bin/rake:23
  [1m[35m (2.6ms)[0m  [1m[35mCOMMIT[0m
  ↳ /usr/local/bundle/bin/rake:23
  [1m[35m (0.5ms)[0m  [1m[34mSELECT RELEASE_LOCK('7864839756650184315')[0m
  ↳ /usr/local/bundle/bin/rake:23
  [1m[35m (0.6ms)[0m  [1m[34mSELECT `schema_migrations`.`version` FROM `schema_migrations` ORDER BY `schema_migrations`.`version` ASC[0m
  ↳ /usr/local/bundle/bin/rake:23
Started GET "/users" for 172.22.0.1 at 2018-12-16 16:18:14 +0000
  [1m[35m (0.6ms)[0m  [1m[34mSELECT `schema_migrations`.`version` FROM `schema_migrations` ORDER BY `schema_migrations`.`version` ASC[0m
  ↳ /usr/local/bundle/gems/activerecord-5.2.2/lib/active_record/log_subscriber.rb:98
Processing by UsersController#index as */*
  [1m[36mUser Load (0.7ms)[0m  [1m[34mSELECT `users`.* FROM `users`[0m
  ↳ app/controllers/users_controller.rb:8
Completed 200 OK in 35ms (Views: 3.3ms | ActiveRecord: 1.6ms)


Started POST "/users" for 172.22.0.1 at 2018-12-16 16:20:30 +0000
Processing by UsersController#create as */*
  [1m[35m (0.3ms)[0m  [1m[35mBEGIN[0m
  ↳ app/controllers/users_controller.rb:20
  [1m[36mUser Create (0.5ms)[0m  [1m[32mINSERT INTO `users` (`created_at`, `updated_at`) VALUES ('2018-12-16 16:20:30', '2018-12-16 16:20:30')[0m
  ↳ app/controllers/users_controller.rb:20
  [1m[35m (3.2ms)[0m  [1m[35mCOMMIT[0m
  ↳ app/controllers/users_controller.rb:20
Completed 201 Created in 17ms (Views: 1.2ms | ActiveRecord: 5.1ms)


Started GET "/users" for 172.22.0.1 at 2018-12-16 16:20:44 +0000
Processing by UsersController#index as */*
  [1m[36mUser Load (0.6ms)[0m  [1m[34mSELECT `users`.* FROM `users`[0m
  ↳ app/controllers/users_controller.rb:8
Completed 200 OK in 42ms (Views: 41.0ms | ActiveRecord: 0.6ms)


Started GET "/users" for 172.22.0.1 at 2018-12-16 16:20:48 +0000
Processing by UsersController#index as */*
  [1m[36mUser Load (0.9ms)[0m  [1m[34mSELECT `users`.* FROM `users`[0m
  ↳ app/controllers/users_controller.rb:8
Completed 200 OK in 6ms (Views: 4.5ms | ActiveRecord: 0.9ms)


